build/app/intermediates/manifest_merge_blame_file/debug/manifest-merger-blame-debug-report.txt
1<?xml version="1.0" encoding="utf-8"?>
2<manifest xmlns:android="http://schemas.android.com/apk/res/android"
3    package="com.example.testapp"
4    android:versionCode="1"
5    android:versionName="1.0.0" >
6
7    <uses-sdk
8        android:minSdkVersion="19"
9        android:targetSdkVersion="31" />
10    <!--
11         The INTERNET permission is required for development. Specifically,
12         the Flutter tool needs it to communicate with the running application
13         to allow setting breakpoints, to provide hot reload, etc.
14    -->
15    <uses-permission android:name="android.permission.INTERNET" />
15-->src\main\AndroidManifest.xml:3:5-67
15-->src\main\AndroidManifest.xml:3:22-64
16    <uses-permission android:name="android.permission.ACCESS_NETWORK_STATE" />
16-->[com.google.android.exoplayer:exoplayer-core:2.18.1] AndroidManifest.xml:24:5-79
16-->[com.google.android.exoplayer:exoplayer-core:2.18.1] AndroidManifest.xml:24:22-76
17
18    <permission
18-->[androidx.core:core:1.9.0] AndroidManifest.xml:22:5-24:47
19        android:name="com.example.testapp.DYNAMIC_RECEIVER_NOT_EXPORTED_PERMISSION"
19-->[androidx.core:core:1.9.0] AndroidManifest.xml:23:9-81
20        android:protectionLevel="signature" />
20-->[androidx.core:core:1.9.0] AndroidManifest.xml:24:9-44
21
22    <uses-permission android:name="com.example.testapp.DYNAMIC_RECEIVER_NOT_EXPORTED_PERMISSION" />
22-->[androidx.core:core:1.9.0] AndroidManifest.xml:26:5-97
22-->[androidx.core:core:1.9.0] AndroidManifest.xml:26:22-94
23
24    <application
25        android:name="io.flutter.app.FlutterMultiDexApplication"
26        android:appComponentFactory="androidx.core.app.CoreComponentFactory"
26-->[androidx.core:core:1.9.0] AndroidManifest.xml:28:18-86
27        android:debuggable="true"
28        android:icon="@mipmap/launcher_icon"
29        android:label="Nuclear Home Video"
30        android:usesCleartextTraffic="true" >
31        <activity
32            android:name="com.example.testapp.MainActivity"
33            android:allowBackup="true"
34            android:configChanges="orientation|keyboardHidden|keyboard|screenSize|smallestScreenSize|locale|layoutDirection|fontScale|screenLayout|density|uiMode"
35            android:exported="true"
36            android:hardwareAccelerated="true"
37            android:launchMode="singleTop"
38            android:theme="@style/LaunchTheme"
39            android:windowSoftInputMode="adjustResize" >
40
41            <!--
42                 Specifies an Android theme to apply to this Activity as soon as
43                 the Android process has started. This theme is visible to the user
44                 while the Flutter UI initializes. After that, this theme continues
45                 to determine the Window background behind the Flutter UI.
46            -->
47            <meta-data
48                android:name="io.flutter.embedding.android.NormalTheme"
49                android:resource="@style/NormalTheme" />
50
51            <intent-filter>
52                <action android:name="android.intent.action.MAIN" />
53
54                <category android:name="android.intent.category.LAUNCHER" />
55            </intent-filter>
56        </activity>
57        <!--
58             Don't delete the meta-data below.
59             This is used by the Flutter tool to generate GeneratedPluginRegistrant.java
60        -->
61        <meta-data
62            android:name="flutterEmbedding"
63            android:value="2" />
64
65        <provider
65-->[:image_picker_android] AndroidManifest.xml:10:9-18:20
66            android:name="io.flutter.plugins.imagepicker.ImagePickerFileProvider"
66-->[:image_picker_android] AndroidManifest.xml:11:13-82
67            android:authorities="com.example.testapp.flutter.image_provider"
67-->[:image_picker_android] AndroidManifest.xml:12:13-74
68            android:exported="false"
68-->[:image_picker_android] AndroidManifest.xml:13:13-37
69            android:grantUriPermissions="true" >
69-->[:image_picker_android] AndroidManifest.xml:14:13-47
70            <meta-data
70-->[:image_picker_android] AndroidManifest.xml:15:13-17:75
71                android:name="android.support.FILE_PROVIDER_PATHS"
71-->[:image_picker_android] AndroidManifest.xml:16:17-67
72                android:resource="@xml/flutter_image_picker_file_paths" />
72-->[:image_picker_android] AndroidManifest.xml:17:17-72
73        </provider>
74        <!--
75           Declares a provider which allows us to store files to share in
76           '.../caches/share_plus' and grant the receiving action access
77        -->
78        <provider
78-->[:share_plus] AndroidManifest.xml:15:9-23:20
79            android:name="dev.fluttercommunity.plus.share.ShareFileProvider"
79-->[:share_plus] AndroidManifest.xml:16:13-77
80            android:authorities="com.example.testapp.flutter.share_provider"
80-->[:share_plus] AndroidManifest.xml:17:13-74
81            android:exported="false"
81-->[:share_plus] AndroidManifest.xml:18:13-37
82            android:grantUriPermissions="true" >
82-->[:share_plus] AndroidManifest.xml:19:13-47
83            <meta-data
83-->[:image_picker_android] AndroidManifest.xml:15:13-17:75
84                android:name="android.support.FILE_PROVIDER_PATHS"
84-->[:image_picker_android] AndroidManifest.xml:16:17-67
85                android:resource="@xml/flutter_share_file_paths" />
85-->[:image_picker_android] AndroidManifest.xml:17:17-72
86        </provider>
87        <!--
88           This manifest declared broadcast receiver allows us to use an explicit
89           Intent when creating a PendingItent to be informed of the user's choice
90        -->
91        <receiver
91-->[:share_plus] AndroidManifest.xml:28:9-34:20
92            android:name="dev.fluttercommunity.plus.share.SharePlusPendingIntent"
92-->[:share_plus] AndroidManifest.xml:29:13-82
93            android:exported="true" >
93-->[:share_plus] AndroidManifest.xml:30:13-36
94            <intent-filter>
94-->[:share_plus] AndroidManifest.xml:31:13-33:29
95                <action android:name="EXTRA_CHOSEN_COMPONENT" />
95-->[:share_plus] AndroidManifest.xml:32:17-65
95-->[:share_plus] AndroidManifest.xml:32:25-62
96            </intent-filter>
97        </receiver>
98
99        <uses-library
99-->[androidx.window:window:1.0.0-beta04] AndroidManifest.xml:25:9-27:40
100            android:name="androidx.window.extensions"
100-->[androidx.window:window:1.0.0-beta04] AndroidManifest.xml:26:13-54
101            android:required="false" />
101-->[androidx.window:window:1.0.0-beta04] AndroidManifest.xml:27:13-37
102        <uses-library
102-->[androidx.window:window:1.0.0-beta04] AndroidManifest.xml:28:9-30:40
103            android:name="androidx.window.sidecar"
103-->[androidx.window:window:1.0.0-beta04] AndroidManifest.xml:29:13-51
104            android:required="false" />
104-->[androidx.window:window:1.0.0-beta04] AndroidManifest.xml:30:13-37
105    </application>
106
107</manifest>